-------------------------------------------------------------------------------
Test set: com.example.data.StarlightTweetApplicationTests
-------------------------------------------------------------------------------
Tests run: 1, Failures: 0, Errors: 1, Skipped: 0, Time elapsed: 0.738 s <<< FAILURE! - in com.example.data.StarlightTweetApplicationTests
com.example.data.StarlightTweetApplicationTests  Time elapsed: 0.737 s  <<< ERROR!
java.lang.IllegalStateException: Unable to find a @SpringBootConfiguration, you need to use @ContextConfiguration or @SpringBootTest(classes=...) with your test

