-------------------------------------------------------------------------------
Test set: com.example.demo.StarlightTweetApplicationTests
-------------------------------------------------------------------------------
Tests run: 1, Failures: 0, Errors: 1, Skipped: 0, Time elapsed: 0.794 s <<< FAILURE! - in com.example.demo.StarlightTweetApplicationTests
com.example.demo.StarlightTweetApplicationTests  Time elapsed: 0.792 s  <<< ERROR!
java.lang.IllegalStateException: Unable to find a @SpringBootConfiguration, you need to use @ContextConfiguration or @SpringBootTest(classes=...) with your test

